<?xml version="1.0" encoding="UTF-8"?>
<testsuite name="FuzzBuzzTest" tests="3" skipped="0" failures="0" errors="0" timestamp="2020-08-30T21:00:34" hostname="UNIT2020-4" time="0.003">
  <properties/>
  <testcase name="whenNumbersAreDivisibleBy3" classname="FuzzBuzzTest" time="0.002"/>
  <testcase name="whenNumbersAreDivisibleBy5" classname="FuzzBuzzTest" time="0.0"/>
  <testcase name="whenNumbersAreDivisibleBy3and5" classname="FuzzBuzzTest" time="0.0"/>
  <system-out><![CDATA[]]></system-out>
  <system-err><![CDATA[]]></system-err>
</testsuite>
